2021-04-27 07:17:41:1741 [32minfo[39m: [32mApp is listening on port 3000[39m
2021-04-27 07:17:48:1748 [32minfo[39m: [32mDB Connnected[39m
2021-04-27 07:24:55:2455 [32minfo[39m: [32mApp is listening on port 3000[39m
2021-04-27 07:25:07:257 [32minfo[39m: [32mDB Connnected[39m
2021-04-27 07:25:40:2540 [32minfo[39m: [32mcreate the book[39m
2021-04-27 07:26:07:267 [32minfo[39m: [32mget information about the book[39m
2021-04-27 07:27:28:2728 [32minfo[39m: [32mcreate the book[39m
2021-04-27 07:27:28:2728 [31merror[39m: [31merror[39m
2021-04-27 07:27:55:2755 [32minfo[39m: [32mcreate the book[39m
2021-04-27 07:31:39:3139 [32minfo[39m: [32mApp is listening on port 3000[39m
2021-04-27 07:31:43:3143 [32minfo[39m: [32mDB Connnected[39m
2021-04-27 07:32:06:326 [32minfo[39m: [32mcreate the user[39m
2021-04-27 07:32:06:326 [31merror[39m: [31merror[39m
2021-04-27 07:33:17:3317 [32minfo[39m: [32mApp is listening on port 3000[39m
2021-04-27 07:33:21:3321 [32minfo[39m: [32mDB Connnected[39m
2021-04-27 07:33:44:3344 [32minfo[39m: [32mcreate the user[39m
2021-04-27 07:33:44:3344 [31merror[39m: [31merror[39m
2021-04-27 07:34:47:3447 [32minfo[39m: [32mcreate the user[39m
2021-04-27 07:34:47:3447 [31merror[39m: [31merror[39m
2021-04-27 07:37:29:3729 [32minfo[39m: [32mApp is listening on port 3000[39m
2021-04-27 07:37:39:3739 [32minfo[39m: [32mDB Connnected[39m
2021-04-27 07:38:50:3850 [32minfo[39m: [32mcreate the user[39m
2021-04-27 07:38:50:3850 [31merror[39m: [31merror[39m
2021-04-27 07:40:15:4015 [32minfo[39m: [32mcreate the user[39m
2021-04-27 07:40:15:4015 [31merror[39m: [31merror[39m
2021-04-27 07:41:00:410 [32minfo[39m: [32mcreate the book[39m
2021-04-27 07:41:00:410 [32minfo[39m: [32msuccess[39m
2021-04-27 08:10:40:1040 [32minfo[39m: [32mApp is listening on port 3000[39m
2021-04-27 08:10:47:1047 [32minfo[39m: [32mDB Connnected[39m
2021-04-27 08:15:49:1549 [32minfo[39m: [32mcreate the user[39m
2021-04-27 08:16:40:1640 [32minfo[39m: [32mget information about the user[39m
2021-04-27 08:16:40:1640 [32minfo[39m: [32msuccess[39m
2021-04-27 08:35:09:359 [32minfo[39m: [32mApp is listening on port 3000[39m
2021-04-27 08:35:18:3518 [32minfo[39m: [32mDB Connnected[39m
2021-04-27 09:09:06:96 [32minfo[39m: [32mApp is listening on port 3000[39m
2021-04-27 09:09:54:954 [31merror[39m: [31mErr on connection[39m
2021-04-27 09:11:18:1118 [32minfo[39m: [32mApp is listening on port 3000[39m
2021-04-27 09:11:52:1152 [32minfo[39m: [32mDB Connnected[39m
2021-04-27 09:19:26:1926 [32minfo[39m: [32mApp is listening on port 3000[39m
2021-04-27 09:19:29:1929 [32minfo[39m: [32mDB Connnected[39m
2021-04-27 09:38:43:3843 [32minfo[39m: [32mApp is listening on port 3000[39m
2021-04-27 09:38:50:3850 [32minfo[39m: [32mDB Connnected[39m
2021-04-27 11:18:34:1834 [32minfo[39m: [32mApp is listening on port 3000[39m
2021-04-27 11:18:38:1838 [32minfo[39m: [32mDB Connnected[39m
2021-04-27 11:23:44:2344 [31merror[39m: [31merror[39m
2021-04-27 11:25:34:2534 [31merror[39m: [31merror[39m
2021-04-27 11:25:58:2558 [32minfo[39m: [32mApp is listening on port 3000[39m
2021-04-27 11:26:03:263 [32minfo[39m: [32mDB Connnected[39m
2021-04-27 11:26:26:2626 [31merror[39m: [31merror[39m
2021-04-27 11:27:37:2737 [32minfo[39m: [32mApp is listening on port 4000[39m
2021-04-27 11:27:40:2740 [32minfo[39m: [32mDB Connnected[39m
2021-04-27 11:28:05:285 [31merror[39m: [31merror[39m
2021-04-27 11:29:19:2919 [31merror[39m: [31merror[39m
2021-04-27 11:54:06:546 [32minfo[39m: [32mApp is listening on port 4000[39m
2021-04-27 11:54:09:549 [32minfo[39m: [32mDB Connnected[39m
2021-04-27 11:54:50:5450 [32minfo[39m: [32mget information about the bookId[39m
2021-04-27 11:55:40:5540 [32minfo[39m: [32mget information about the bookId[39m
2021-04-27 11:57:23:5723 [32minfo[39m: [32mApp is listening on port 4000[39m
2021-04-27 11:57:26:5726 [32minfo[39m: [32mDB Connnected[39m
2021-04-27 11:57:41:5741 [32minfo[39m: [32mget information about the bookId[39m
2021-04-27 12:00:26:026 [32minfo[39m: [32mApp is listening on port 4000[39m
2021-04-27 12:00:30:030 [32minfo[39m: [32mDB Connnected[39m
2021-04-27 12:00:46:046 [32minfo[39m: [32mget information about the bookId[39m
2021-04-27 12:00:47:047 [32minfo[39m: [32msuccess[39m
2021-04-27 12:10:11:1011 [32minfo[39m: [32mApp is listening on port 4000[39m
2021-04-27 12:10:14:1014 [32minfo[39m: [32mDB Connnected[39m
2021-04-27 12:11:01:111 [32minfo[39m: [32mcreate the book[39m
2021-04-27 12:11:02:112 [32minfo[39m: [32msuccess[39m
2021-04-27 12:11:15:1115 [32minfo[39m: [32mget information about the book[39m
2021-04-27 12:11:15:1115 [32minfo[39m: [32msuccess[39m
2021-04-27 12:11:52:1152 [32minfo[39m: [32mget information about the bookId[39m
2021-04-27 12:11:53:1153 [32minfo[39m: [32msuccess[39m
2021-04-27 12:12:27:1227 [32minfo[39m: [32mget information about the book[39m
2021-04-27 12:12:28:1228 [32minfo[39m: [32msuccess[39m
2021-04-27 12:12:55:1255 [32minfo[39m: [32mget information about the bookId[39m
2021-04-27 12:12:55:1255 [32minfo[39m: [32msuccess[39m
2021-04-27 12:21:54:2154 [32minfo[39m: [32mApp is listening on port 4000[39m
2021-04-27 12:21:57:2157 [32minfo[39m: [32mDB Connnected[39m
2021-04-27 12:22:04:224 [32minfo[39m: [32mget information about the bookId[39m
2021-04-27 12:22:57:2257 [32minfo[39m: [32mget information about the bookId[39m
2021-04-27 12:23:14:2314 [32minfo[39m: [32mget information about the book[39m
2021-04-27 12:23:14:2314 [32minfo[39m: [32msuccess[39m
2021-04-27 12:23:38:2338 [32minfo[39m: [32mget information about the bookId[39m
2021-04-27 12:23:58:2358 [32minfo[39m: [32mget information about the bookId[39m
2021-04-27 12:25:04:254 [32minfo[39m: [32mget information about the bookId[39m
2021-04-27 12:29:51:2951 [32minfo[39m: [32mget information about the bookId[39m
